Arguments: 
  /data/data/com.termux/files/usr/bin/node /data/data/com.termux/files/usr/share/yarn/bin/yarn.js install

PATH: 
  /data/data/com.termux/files/usr/bin

Yarn version: 
  1.22.19

Node version: 
  20.2.0

Platform: 
  android arm

Trace: 
  Error [ERR_SOCKET_CONNECTION_TIMEOUT]: Socket connection timeout
      at new NodeError (node:internal/errors:399:5)
      at internalConnectMultiple (node:net:1099:20)
      at Timeout.internalConnectMultipleTimeout (node:net:1638:3)
      at listOnTimeout (node:internal/timers:575:11)
      at process.processTimers (node:internal/timers:514:7)

npm manifest: 
  {
    "name": "server",
    "version": "1.0.0",
    "exports": "dist/index.js",
    "license": "MIT",
    "type": "module",
    "scripts": {
      "dev": "nodemon --loader esm-module-alias/loader --no-warnings dist/index.js",
      "start": "node --loader esm-module-alias/loader --no-warnings dist/index.js"
    },
    "dependencies": {
      "@types/bcryptjs": "^2.4.2",
      "@types/body-parser": "^1.19.2",
      "@types/cookie-parser": "^1.4.3",
      "@types/cors": "^2.8.13",
      "@types/dotenv": "^8.2.0",
      "@types/express": "^4.17.17",
      "@types/jsonwebtoken": "^9.0.2",
      "@types/mongoose": "^5.11.97",
      "@types/node": "^20.2.3",
      "bcryptjs": "^2.4.3",
      "cookie-parser": "^1.4.6",
      "cors": "^2.8.5",
      "express": "^4.18.2",
      "jsonwebtoken": "^9.0.0",
      "module-alias": "^2.2.3",
      "mongoose": "^7.3.4",
      "morgan": "^1.10.0",
      "typescript": "^5.0.4"
    },
    "aliases": {
      "@routes": "./dist/routes",
      "@controllers": "./dist/controllers",
      "@models": "./dist/models",
      "@lib": "./dist/lib",
      "@interfaces": "./dist/interfaces"
    },
    "devDependencies": {
      "@types/morgan": "^1.9.4"
    }
  }

yarn manifest: 
  No manifest

Lockfile: 
  No lockfile
